2020-11-09 17:46 INFO 89765687, Igor => /start
2020-11-09 17:46 INFO Пользователь Igor, находится в базе.
2020-11-09 17:47 INFO 89765687, Igor => /start
2020-11-09 17:47 INFO Пользователь Igor, находится в базе.
2020-11-09 17:48 INFO Пользователь Igor, находится в базе.
2020-11-09 17:52 INFO Пользователь Igor, находится в базе.
2020-11-09 17:52 INFO Пользователь Igor, находится в базе.
2020-11-09 17:52 INFO Пользователь Igor, находится в базе.
2020-11-09 17:52 INFO Пользователь Igor, находится в базе.
2020-11-09 17:52 INFO Пользователь Igor, находится в базе.
2020-11-09 17:52 INFO Пользователь Igor, находится в базе.
2020-11-09 17:52 INFO Пользователь Igor, находится в базе.
2020-11-09 17:52 INFO Пользователь Igor, находится в базе.
2020-11-10 10:43 INFO Пользователь Jana, добавлен в базу.
2020-11-10 10:43 INFO Пользователь Jana, находится в базе.
2020-11-10 10:45 INFO Пользователь Igor, находится в базе.
2020-11-10 10:47 INFO Пользователь 1156203656 - Jana, добавлен в базу.
2020-11-10 10:47 INFO Пользователь Jana, находится в базе.
2020-11-10 10:47 INFO Пользователь Igor, находится в базе.
2020-11-10 10:47 INFO Пользователь 1156203656 - Jana, добавлен в базу.
2020-11-10 10:47 INFO Пользователь Jana, находится в базе.
2020-11-10 16:53 INFO Пользователь Igor, находится в базе.
2020-11-10 16:53 INFO Пользователь Igor, находится в базе.
2020-11-10 16:58 INFO Пользователь 89765687 - Igor, находится в базе.
2020-11-10 17:00 INFO Пользователь 89765687 - Igor, находится в базе.
2020-11-10 17:01 INFO Пользователь 89765687 - Igor, находится в базе.
